\BOOKMARK [1][]{section.1}{\376\377\116\000\060\001\000\040\225\356\230\230\221\315\217\360}{}% 1
\BOOKMARK [2][]{subsection.1.1}{\376\377\0001\000.\0001\000\040\225\356\230\230\200\314\146\157}{section.1}% 2
\BOOKMARK [2][]{subsection.1.2}{\376\377\0001\000.\0002\000\040\225\356\230\230\221\315\217\360}{section.1}% 3
\BOOKMARK [1][]{section.2}{\376\377\116\214\060\001\000\040\152\041\127\213\120\107\213\276}{}% 4
\BOOKMARK [1][]{section.3}{\376\377\116\011\060\001\000\040\173\046\123\367\213\364\146\016}{}% 5
\BOOKMARK [1][]{section.4}{\376\377\126\333\060\001\000\040\225\356\230\230\122\006\147\220}{}% 6
\BOOKMARK [2][]{subsection.4.1}{\376\377\0004\000.\0001\000\040\225\356\230\230\116\000\122\006\147\220}{section.4}% 7
\BOOKMARK [2][]{subsection.4.2}{\376\377\0004\000.\0002\000\040\225\356\230\230\116\214\122\006\147\220}{section.4}% 8
\BOOKMARK [2][]{subsection.4.3}{\376\377\0004\000.\0003\000\040\225\356\230\230\116\011\122\006\147\220}{section.4}% 9
\BOOKMARK [1][]{section.5}{\376\377\116\224\060\001\000\040\225\356\230\230\116\000\152\041\127\213\136\372\172\313\116\016\154\102\211\343}{}% 10
\BOOKMARK [2][]{subsection.5.1}{\376\377\0005\000.\0001\000\040\127\372\147\054\145\160\143\156\166\204\154\102\211\343}{section.5}% 11
\BOOKMARK [2][]{subsection.5.2}{\376\377\0005\000.\0002\000\040\226\064\137\161\220\156\143\041\145\110\163\207\213\241\173\227}{section.5}% 12
\BOOKMARK [2][]{subsection.5.3}{\376\377\0005\000.\0003\000\040\117\131\137\046\145\110\163\207\166\204\213\241\173\227}{section.5}% 13
\BOOKMARK [2][]{subsection.5.4}{\376\377\0005\000.\0004\000\040\131\047\154\024\220\017\134\004\163\207\166\204\213\241\173\227}{section.5}% 14
\BOOKMARK [2][]{subsection.5.5}{\376\377\0005\000.\0005\000\040\142\052\145\255\145\110\163\207\166\204\213\241\173\227}{section.5}% 15
\BOOKMARK [2][]{subsection.5.6}{\376\377\0005\000.\0006\000\040\225\356\230\230\116\000\154\102\211\343\123\312\176\323\147\234\134\125\171\072}{section.5}% 16
\BOOKMARK [1][]{section.6}{\376\377\121\155\060\001\000\040\173\054\116\214\225\356\152\041\127\213\136\372\172\313\116\016\154\102\211\343}{}% 17
\BOOKMARK [2][]{subsection.6.1}{\376\377\0006\000.\0001\000\040\136\003\134\100\117\030\123\026}{section.6}% 18
\BOOKMARK [2][]{subsection.6.2}{\376\377\0006\000.\0002\000\040\225\356\230\230\116\214\154\102\211\343\123\312\176\323\147\234\134\125\171\072}{section.6}% 19
\BOOKMARK [1][]{section.7}{\376\377\116\003\060\001\000\040\225\356\230\230\116\011\152\041\127\213\136\372\172\313\116\016\154\102\211\343}{}% 20
\BOOKMARK [2][]{subsection.7.1}{\376\377\0007\000.\0001\000\040\225\356\230\230\116\011\152\041\127\213\136\372\172\313}{section.7}% 21
\BOOKMARK [2][]{subsection.7.2}{\376\377\0007\000.\0002\000\040\152\041\127\213\154\102\211\343}{section.7}% 22
\BOOKMARK [1][]{section.8}{\376\377\121\153\060\001\000\040\152\041\127\213\213\304\116\367}{}% 23
\BOOKMARK [2][]{subsection.8.1}{\376\377\0008\000.\0001\000\040\152\041\127\213\150\300\232\214}{section.8}% 24
\BOOKMARK [2][]{subsection.8.2}{\376\377\0008\000.\0002\000\040\152\041\127\213\117\030\160\271}{section.8}% 25
\BOOKMARK [2][]{subsection.8.3}{\376\377\0008\000.\0003\000\040\152\041\127\213\177\072\160\271}{section.8}% 26
\BOOKMARK [1][]{section*.19}{\376\377\123\302\200\003\145\207\163\056}{}% 27
\BOOKMARK [1][]{appendix.a.A}{\376\377\226\104\137\125\000\040\000A\000\040\225\356\230\230\116\000\000P\000y\000t\000h\000o\000n\116\343\170\001}{}% 28
\BOOKMARK [1][]{appendix.a.B}{\376\377\226\104\137\125\000\040\000B\000\040\225\356\230\230\116\000\000M\000A\000T\000L\000A\000B\116\343\170\001}{}% 29
